TN:
SF:apps\finance\expenses-registration\src\app\app.component.html
FNF:0
FNH:0
DA:1,1
LF:1
LH:1
BRF:0
BRH:0
end_of_record
TN:
SF:apps\finance\expenses-registration\src\app\app.component.ts
FN:13,(anonymous_0)
FNF:1
FNH:1
FNDA:2,(anonymous_0)
DA:1,1
DA:2,1
DA:3,1
DA:4,1
DA:13,1
DA:14,2
DA:16,2
LF:7
LH:7
BRF:0
BRH:0
end_of_record
TN:
SF:apps\finance\expenses-registration\src\app\translation.serive.ts
FN:7,(anonymous_0)
FN:9,(anonymous_1)
FN:9,(anonymous_2)
FN:11,(anonymous_3)
FN:15,(anonymous_4)
FNF:5
FNH:0
FNDA:0,(anonymous_0)
FNDA:0,(anonymous_1)
FNDA:0,(anonymous_2)
FNDA:0,(anonymous_3)
FNDA:0,(anonymous_4)
DA:1,2
DA:2,2
DA:3,2
DA:4,2
DA:7,2
DA:8,0
DA:9,0
DA:12,0
DA:16,0
LF:9
LH:5
BRF:0
BRH:0
end_of_record
TN:
SF:apps\finance\expenses-registration\src\app\transloco-testing.module.ts
FN:5,getTranslocoModule
FNF:1
FNH:1
FNDA:7,getTranslocoModule
DA:1,2
DA:2,2
DA:3,2
DA:5,2
DA:6,7
LF:5
LH:5
BRDA:5,0,0,7
BRF:1
BRH:1
end_of_record
TN:
SF:apps\finance\expenses-registration\src\app\pages\expenses-overview-page\expenses-overview-page.component.html
FNF:0
FNH:0
DA:1,1
LF:1
LH:1
BRF:0
BRH:0
end_of_record
TN:
SF:apps\finance\expenses-registration\src\app\pages\expenses-overview-page\expenses-overview-page.component.ts
FN:18,(anonymous_0)
FN:22,(anonymous_1)
FN:32,(anonymous_2)
FN:34,(anonymous_3)
FN:38,(anonymous_4)
FN:39,(anonymous_5)
FN:42,(anonymous_6)
FNF:7
FNH:7
FNDA:5,(anonymous_0)
FNDA:6,(anonymous_1)
FNDA:6,(anonymous_2)
FNDA:6,(anonymous_3)
FNDA:1,(anonymous_4)
FNDA:1,(anonymous_5)
FNDA:1,(anonymous_6)
DA:1,1
DA:2,1
DA:3,1
DA:4,1
DA:5,1
DA:6,1
DA:7,1
DA:8,1
DA:18,1
DA:19,5
DA:20,5
DA:22,5
DA:23,6
DA:24,3
DA:28,5
DA:30,5
DA:31,5
DA:32,6
DA:35,6
DA:39,1
DA:43,1
LF:21
LH:21
BRDA:23,0,0,3
BRDA:32,1,0,1
BRDA:32,1,1,5
BRF:3
BRH:3
end_of_record
